[debug] [2020-07-14T16:16:28.068Z] ----------------------------------------------------------------------
[debug] [2020-07-14T16:16:28.070Z] Command:       C:\Program Files\nodejs\node.exe C:\Users\msgul\AppData\Roaming\npm\node_modules\firebase-tools\lib\bin\firebase.js init functions
[debug] [2020-07-14T16:16:28.070Z] CLI Version:   8.5.0
[debug] [2020-07-14T16:16:28.070Z] Platform:      win32
[debug] [2020-07-14T16:16:28.070Z] Node Version:  v12.18.2
[debug] [2020-07-14T16:16:28.071Z] Time:          Tue Jul 14 2020 11:16:28 GMT-0500 (Central Daylight Time)
[debug] [2020-07-14T16:16:28.071Z] ----------------------------------------------------------------------
[debug] [2020-07-14T16:16:28.071Z] 
[debug] [2020-07-14T16:16:28.079Z] > command requires scopes: ["email","openid","https://www.googleapis.com/auth/cloudplatformprojects.readonly","https://www.googleapis.com/auth/firebase","https://www.googleapis.com/auth/cloud-platform"]
[debug] [2020-07-14T16:16:28.079Z] > authorizing via signed-in user
[info] 
     ######## #### ########  ######## ########     ###     ######  ########
     ##        ##  ##     ## ##       ##     ##  ##   ##  ##       ##
     ######    ##  ########  ######   ########  #########  ######  ######
     ##        ##  ##    ##  ##       ##     ## ##     ##       ## ##
     ##       #### ##     ## ######## ########  ##     ##  ######  ########

You're about to initialize a Firebase project in this directory:

  C:\Users\msgul\Documents\st.lorraine

Before we get started, keep in mind:

  * You are initializing in an existing Firebase project directory

